{"/Users/tim/Documents/Code/busbudurls/index.js":{"path":"/Users/tim/Documents/Code/busbudurls/index.js","s":{"1":1,"2":1,"3":1,"4":1,"5":1,"6":1,"7":1,"8":1,"9":0,"10":0,"11":0,"12":1,"13":1,"14":1,"15":1,"16":1,"17":1,"18":1,"19":1,"20":1,"21":1,"22":4,"23":4,"24":4,"25":4,"26":4,"27":4,"28":4,"29":4,"30":0,"31":0,"32":0,"33":0,"34":0,"35":0,"36":0,"37":0,"38":0,"39":0,"40":0,"41":0,"42":0,"43":0,"44":0,"45":0,"46":1,"47":2,"48":2,"49":2,"50":1,"51":1,"52":1,"53":1,"54":1,"55":1,"56":1,"57":1},"b":{"1":[1,1],"2":[1,1],"3":[0,1],"4":[4,0],"5":[4,0],"6":[0,0],"7":[0,0],"8":[1,1],"9":[2,2]},"f":{"1":1,"2":4,"3":0,"4":0,"5":0,"6":0,"7":2,"8":2},"fnMap":{"1":{"name":"(anonymous_1)","line":40,"loc":{"start":{"line":40,"column":13},"end":{"line":40,"column":33}}},"2":{"name":"(anonymous_2)","line":45,"loc":{"start":{"line":45,"column":14},"end":{"line":45,"column":34}}},"3":{"name":"(anonymous_3)","line":64,"loc":{"start":{"line":64,"column":25},"end":{"line":64,"column":50}}},"4":{"name":"(anonymous_4)","line":70,"loc":{"start":{"line":70,"column":36},"end":{"line":70,"column":58}}},"5":{"name":"(anonymous_5)","line":79,"loc":{"start":{"line":79,"column":36},"end":{"line":79,"column":58}}},"6":{"name":"(anonymous_6)","line":89,"loc":{"start":{"line":89,"column":28},"end":{"line":89,"column":50}}},"7":{"name":"(anonymous_7)","line":98,"loc":{"start":{"line":98,"column":22},"end":{"line":98,"column":42}}},"8":{"name":"(anonymous_8)","line":103,"loc":{"start":{"line":103,"column":19},"end":{"line":103,"column":41}}}},"statementMap":{"1":{"start":{"line":5,"column":0},"end":{"line":5,"column":67}},"2":{"start":{"line":8,"column":0},"end":{"line":8,"column":29}},"3":{"start":{"line":9,"column":0},"end":{"line":9,"column":16}},"4":{"start":{"line":10,"column":0},"end":{"line":10,"column":32}},"5":{"start":{"line":11,"column":0},"end":{"line":11,"column":29}},"6":{"start":{"line":12,"column":0},"end":{"line":12,"column":36}},"7":{"start":{"line":13,"column":0},"end":{"line":13,"column":52}},"8":{"start":{"line":17,"column":0},"end":{"line":23,"column":1}},"9":{"start":{"line":18,"column":2},"end":{"line":18,"column":57},"skip":true},"10":{"start":{"line":19,"column":2},"end":{"line":19,"column":65},"skip":true},"11":{"start":{"line":20,"column":2},"end":{"line":20,"column":38},"skip":true},"12":{"start":{"line":22,"column":2},"end":{"line":22,"column":43}},"13":{"start":{"line":26,"column":0},"end":{"line":26,"column":39}},"14":{"start":{"line":27,"column":0},"end":{"line":27,"column":31}},"15":{"start":{"line":28,"column":0},"end":{"line":28,"column":46}},"16":{"start":{"line":31,"column":0},"end":{"line":31,"column":30}},"17":{"start":{"line":34,"column":0},"end":{"line":34,"column":27}},"18":{"start":{"line":35,"column":0},"end":{"line":37,"column":4}},"19":{"start":{"line":40,"column":0},"end":{"line":42,"column":3}},"20":{"start":{"line":41,"column":2},"end":{"line":41,"column":22}},"21":{"start":{"line":45,"column":0},"end":{"line":95,"column":3}},"22":{"start":{"line":47,"column":4},"end":{"line":47,"column":46}},"23":{"start":{"line":50,"column":4},"end":{"line":50,"column":23}},"24":{"start":{"line":51,"column":4},"end":{"line":51,"column":25}},"25":{"start":{"line":55,"column":4},"end":{"line":57,"column":5}},"26":{"start":{"line":56,"column":8},"end":{"line":56,"column":30}},"27":{"start":{"line":59,"column":4},"end":{"line":94,"column":5}},"28":{"start":{"line":60,"column":8},"end":{"line":60,"column":76}},"29":{"start":{"line":61,"column":8},"end":{"line":61,"column":95}},"30":{"start":{"line":62,"column":11},"end":{"line":94,"column":5}},"31":{"start":{"line":64,"column":8},"end":{"line":85,"column":11}},"32":{"start":{"line":66,"column":12},"end":{"line":84,"column":13}},"33":{"start":{"line":68,"column":16},"end":{"line":68,"column":26}},"34":{"start":{"line":70,"column":16},"end":{"line":73,"column":19}},"35":{"start":{"line":71,"column":20},"end":{"line":71,"column":67}},"36":{"start":{"line":72,"column":20},"end":{"line":72,"column":81}},"37":{"start":{"line":77,"column":16},"end":{"line":77,"column":40}},"38":{"start":{"line":79,"column":16},"end":{"line":83,"column":19}},"39":{"start":{"line":80,"column":20},"end":{"line":80,"column":89}},"40":{"start":{"line":81,"column":20},"end":{"line":81,"column":130}},"41":{"start":{"line":82,"column":20},"end":{"line":82,"column":109}},"42":{"start":{"line":88,"column":8},"end":{"line":88,"column":32}},"43":{"start":{"line":89,"column":8},"end":{"line":93,"column":11}},"44":{"start":{"line":91,"column":12},"end":{"line":91,"column":62}},"45":{"start":{"line":92,"column":12},"end":{"line":92,"column":73}},"46":{"start":{"line":98,"column":0},"end":{"line":115,"column":3}},"47":{"start":{"line":100,"column":4},"end":{"line":100,"column":34}},"48":{"start":{"line":103,"column":4},"end":{"line":114,"column":7}},"49":{"start":{"line":104,"column":8},"end":{"line":113,"column":9}},"50":{"start":{"line":106,"column":12},"end":{"line":106,"column":28}},"51":{"start":{"line":107,"column":12},"end":{"line":107,"column":39}},"52":{"start":{"line":108,"column":12},"end":{"line":108,"column":23}},"53":{"start":{"line":111,"column":12},"end":{"line":111,"column":28}},"54":{"start":{"line":112,"column":12},"end":{"line":112,"column":32}},"55":{"start":{"line":118,"column":0},"end":{"line":118,"column":47}},"56":{"start":{"line":121,"column":0},"end":{"line":121,"column":17}},"57":{"start":{"line":122,"column":0},"end":{"line":122,"column":41}}},"branchMap":{"1":{"line":10,"type":"binary-expr","locations":[{"start":{"line":10,"column":7},"end":{"line":10,"column":23}},{"start":{"line":10,"column":27},"end":{"line":10,"column":31}}]},"2":{"line":13,"type":"binary-expr","locations":[{"start":{"line":13,"column":11},"end":{"line":13,"column":31}},{"start":{"line":13,"column":35},"end":{"line":13,"column":51}}]},"3":{"line":17,"type":"if","locations":[{"start":{"line":17,"column":0},"end":{"line":17,"column":0},"skip":true},{"start":{"line":17,"column":0},"end":{"line":17,"column":0}}]},"4":{"line":55,"type":"if","locations":[{"start":{"line":55,"column":4},"end":{"line":55,"column":4}},{"start":{"line":55,"column":4},"end":{"line":55,"column":4}}]},"5":{"line":59,"type":"if","locations":[{"start":{"line":59,"column":4},"end":{"line":59,"column":4}},{"start":{"line":59,"column":4},"end":{"line":59,"column":4}}]},"6":{"line":62,"type":"if","locations":[{"start":{"line":62,"column":11},"end":{"line":62,"column":11}},{"start":{"line":62,"column":11},"end":{"line":62,"column":11}}]},"7":{"line":66,"type":"if","locations":[{"start":{"line":66,"column":12},"end":{"line":66,"column":12}},{"start":{"line":66,"column":12},"end":{"line":66,"column":12}}]},"8":{"line":104,"type":"if","locations":[{"start":{"line":104,"column":8},"end":{"line":104,"column":8}},{"start":{"line":104,"column":8},"end":{"line":104,"column":8}}]},"9":{"line":104,"type":"binary-expr","locations":[{"start":{"line":104,"column":12},"end":{"line":104,"column":16}},{"start":{"line":104,"column":20},"end":{"line":104,"column":25}}]}}}}